[debug] [2022-06-28T20:33:28.388Z] ----------------------------------------------------------------------
[debug] [2022-06-28T20:33:28.390Z] Command:       C:\Program Files\nodejs\node.exe C:\Users\83958\AppData\Roaming\npm\node_modules\firebase-tools\lib\bin\firebase.js init
[debug] [2022-06-28T20:33:28.390Z] CLI Version:   11.1.0
[debug] [2022-06-28T20:33:28.390Z] Platform:      win32
[debug] [2022-06-28T20:33:28.390Z] Node Version:  v16.10.0
[debug] [2022-06-28T20:33:28.391Z] Time:          Tue Jun 28 2022 13:33:28 GMT-0700 (北美太平洋夏令时间)
[debug] [2022-06-28T20:33:28.391Z] ----------------------------------------------------------------------
[debug] 
[debug] [2022-06-28T20:33:28.451Z] > command requires scopes: ["email","openid","https://www.googleapis.com/auth/cloudplatformprojects.readonly","https://www.googleapis.com/auth/firebase","https://www.googleapis.com/auth/cloud-platform"]
[debug] [2022-06-28T20:33:28.452Z] > authorizing via signed-in user (xmshang1@gmail.com)
[info] 
     ######## #### ########  ######## ########     ###     ######  ########
     ##        ##  ##     ## ##       ##     ##  ##   ##  ##       ##
     ######    ##  ########  ######   ########  #########  ######  ######
     ##        ##  ##    ##  ##       ##     ## ##     ##       ## ##
     ##       #### ##     ## ######## ########  ##     ##  ######  ########

You're about to initialize a Firebase project in this directory:

  D:\projects\bigDataViz

Before we get started, keep in mind:

  * You are initializing within an existing Firebase project directory

[info] 
=== Project Setup
[info] 
[info] First, let's associate this project directory with a Firebase project.
[info] You can create multiple project aliases by running firebase use --add, 
[info] but for now we'll just set up a default project.
[info] 
[debug] [2022-06-28T20:33:34.386Z] Using project from CLI flag: bigdataviz-caf9f
[debug] [2022-06-28T20:33:34.388Z] >>> [apiv2][query] GET https://firebase.googleapis.com/v1beta1/projects/bigdataviz-caf9f [none]
[debug] [2022-06-28T20:33:35.161Z] <<< [apiv2][status] GET https://firebase.googleapis.com/v1beta1/projects/bigdataviz-caf9f 200
[debug] [2022-06-28T20:33:35.161Z] <<< [apiv2][body] GET https://firebase.googleapis.com/v1beta1/projects/bigdataviz-caf9f {"projectId":"bigdataviz-caf9f","projectNumber":"427457652556","displayName":"bigDataViz","name":"projects/bigdataviz-caf9f","resources":{"hostingSite":"bigdataviz-caf9f"},"state":"ACTIVE"}
[info] i  Using project bigdataviz-caf9f (bigDataViz) 
[info] 
=== Hosting:github Setup
[info] 
[info] i  Detected a .git folder at D:\projects\bigDataViz 
[info] i  Authorizing with GitHub to upload your service account to a GitHub repository's secrets store. 
[info] 
[info] Visit this URL on this device to log in:
[info] https://github.com/login/oauth/authorize?client_id=89cf50f02ac6aaed3484&state=686858625&redirect_uri=http%3A%2F%2Flocalhost%3A9005&scope=read%3Auser%20repo%20public_repo
[info] 
[info] Waiting for authentication...
[debug] [2022-06-28T20:33:36.583Z] >>> [apiv2][query] POST https://github.com/login/oauth/access_token [none]
[debug] [2022-06-28T20:33:36.583Z] >>> [apiv2][body] POST https://github.com/login/oauth/access_token [stream]
[debug] [2022-06-28T20:33:37.570Z] <<< [apiv2][status] POST https://github.com/login/oauth/access_token 200
[debug] [2022-06-28T20:33:37.570Z] <<< [apiv2][body] POST https://github.com/login/oauth/access_token {"access_token":"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","token_type":"bearer","scope":"read:user,repo"}
[debug] [2022-06-28T20:33:37.578Z] >>> [apiv2][query] GET https://api.github.com/user [none]
[debug] [2022-06-28T20:33:38.593Z] <<< [apiv2][status] GET https://api.github.com/user 200
[debug] [2022-06-28T20:33:38.593Z] <<< [apiv2][body] GET https://api.github.com/user {"login":"xmshang","id":92196435,"node_id":"U_kgDOBX7OUw","avatar_url":"https://avatars.githubusercontent.com/u/92196435?v=4","gravatar_id":"","url":"https://api.github.com/users/xmshang","html_url":"https://github.com/xmshang","followers_url":"https://api.github.com/users/xmshang/followers","following_url":"https://api.github.com/users/xmshang/following{/other_user}","gists_url":"https://api.github.com/users/xmshang/gists{/gist_id}","starred_url":"https://api.github.com/users/xmshang/starred{/owner}{/repo}","subscriptions_url":"https://api.github.com/users/xmshang/subscriptions","organizations_url":"https://api.github.com/users/xmshang/orgs","repos_url":"https://api.github.com/users/xmshang/repos","events_url":"https://api.github.com/users/xmshang/events{/privacy}","received_events_url":"https://api.github.com/users/xmshang/received_events","type":"User","site_admin":false,"name":null,"company":null,"blog":"","location":null,"email":null,"hireable":null,"bio":null,"twitter_username":null,"public_repos":13,"public_gists":1,"followers":0,"following":6,"created_at":"2021-10-09T03:42:38Z","updated_at":"2021-10-09T03:42:38Z","private_gists":0,"total_private_repos":2,"owned_private_repos":2,"disk_usage":10364,"collaborators":1,"two_factor_authentication":false,"plan":{"name":"free","space":976562499,"collaborators":0,"private_repos":10000}}
[info] 
[info] +  Success! Logged into GitHub as xmshang 
[info] 
